app/build/intermediates/manifest_merge_blame_file/debug/manifest-merger-blame-debug-report.txt
1<?xml version="1.0" encoding="utf-8"?>
2<manifest xmlns:android="http://schemas.android.com/apk/res/android"
3    package="com.example.nsyri"
4    android:versionCode="1"
5    android:versionName="1.0" >
6
7    <uses-sdk
8        android:minSdkVersion="21"
8-->src\main\AndroidManifest.xml
9        android:targetSdkVersion="33" />
9-->src\main\AndroidManifest.xml
10
11    <application
11-->src\main\AndroidManifest.xml:5:5-47:19
12        android:allowBackup="true"
12-->src\main\AndroidManifest.xml:6:9-35
13        android:appComponentFactory="androidx.core.app.CoreComponentFactory"
13-->[androidx.core:core:1.7.0] AndroidManifest.xml:24:18-86
14        android:debuggable="true"
15        android:icon="@mipmap/ic_launcher"
15-->src\main\AndroidManifest.xml:7:9-43
16        android:label="@string/app_name"
16-->src\main\AndroidManifest.xml:8:9-41
17        android:roundIcon="@mipmap/ic_launcher_round"
17-->src\main\AndroidManifest.xml:9:9-54
18        android:supportsRtl="true"
18-->src\main\AndroidManifest.xml:10:9-35
19        android:testOnly="true"
20        android:theme="@style/Theme.AppCompat.Light.DarkActionBar" >
20-->src\main\AndroidManifest.xml:11:9-67
21        <activity
21-->src\main\AndroidManifest.xml:13:9-20:20
22            android:name="com.example.nsyri.MainActivity"
22-->src\main\AndroidManifest.xml:14:13-41
23            android:exported="true" >
23-->src\main\AndroidManifest.xml:15:13-36
24            <intent-filter>
24-->src\main\AndroidManifest.xml:16:13-19:29
25                <action android:name="android.intent.action.MAIN" />
25-->src\main\AndroidManifest.xml:17:17-69
25-->src\main\AndroidManifest.xml:17:25-66
26
27                <category android:name="android.intent.category.LAUNCHER" />
27-->src\main\AndroidManifest.xml:18:17-77
27-->src\main\AndroidManifest.xml:18:27-74
28            </intent-filter>
29        </activity>
30        <activity
30-->src\main\AndroidManifest.xml:22:9-25:58
31            android:name="com.example.nsyri.HistoryActivity"
31-->src\main\AndroidManifest.xml:23:13-44
32            android:exported="false"
32-->src\main\AndroidManifest.xml:24:13-37
33            android:parentActivityName="com.example.nsyri.MainActivity" />
33-->src\main\AndroidManifest.xml:25:13-55
34        <activity
34-->src\main\AndroidManifest.xml:27:9-30:58
35            android:name="com.example.nsyri.ReligiousDaysActivity"
35-->src\main\AndroidManifest.xml:28:13-50
36            android:exported="false"
36-->src\main\AndroidManifest.xml:29:13-37
37            android:parentActivityName="com.example.nsyri.MainActivity" />
37-->src\main\AndroidManifest.xml:30:13-55
38        <activity
38-->src\main\AndroidManifest.xml:32:9-35:58
39            android:name="com.example.nsyri.TranslationActivity"
39-->src\main\AndroidManifest.xml:33:13-48
40            android:exported="false"
40-->src\main\AndroidManifest.xml:34:13-37
41            android:parentActivityName="com.example.nsyri.MainActivity" />
41-->src\main\AndroidManifest.xml:35:13-55
42        <activity
42-->src\main\AndroidManifest.xml:37:9-40:61
43            android:name="com.example.nsyri.FigureDetailActivity"
43-->src\main\AndroidManifest.xml:38:13-49
44            android:exported="false"
44-->src\main\AndroidManifest.xml:39:13-37
45            android:parentActivityName="com.example.nsyri.HistoryActivity" />
45-->src\main\AndroidManifest.xml:40:13-58
46        <activity
46-->src\main\AndroidManifest.xml:42:9-45:65
47            android:name="com.example.nsyri.CategoryDetailActivity"
47-->src\main\AndroidManifest.xml:43:13-51
48            android:exported="false"
48-->src\main\AndroidManifest.xml:44:13-37
49            android:parentActivityName="com.example.nsyri.TranslationActivity" />
49-->src\main\AndroidManifest.xml:45:13-62
50
51        <service
51-->[androidx.room:room-runtime:2.4.2] AndroidManifest.xml:25:9-28:40
52            android:name="androidx.room.MultiInstanceInvalidationService"
52-->[androidx.room:room-runtime:2.4.2] AndroidManifest.xml:26:13-74
53            android:directBootAware="true"
53-->[androidx.room:room-runtime:2.4.2] AndroidManifest.xml:27:13-43
54            android:exported="false" />
54-->[androidx.room:room-runtime:2.4.2] AndroidManifest.xml:28:13-37
55
56        <provider
56-->[androidx.emoji2:emoji2:1.0.0] AndroidManifest.xml:26:9-34:20
57            android:name="androidx.startup.InitializationProvider"
57-->[androidx.emoji2:emoji2:1.0.0] AndroidManifest.xml:27:13-67
58            android:authorities="com.example.nsyri.androidx-startup"
58-->[androidx.emoji2:emoji2:1.0.0] AndroidManifest.xml:28:13-68
59            android:exported="false" >
59-->[androidx.emoji2:emoji2:1.0.0] AndroidManifest.xml:29:13-37
60            <meta-data
60-->[androidx.emoji2:emoji2:1.0.0] AndroidManifest.xml:31:13-33:52
61                android:name="androidx.emoji2.text.EmojiCompatInitializer"
61-->[androidx.emoji2:emoji2:1.0.0] AndroidManifest.xml:32:17-75
62                android:value="androidx.startup" />
62-->[androidx.emoji2:emoji2:1.0.0] AndroidManifest.xml:33:17-49
63            <meta-data
63-->[androidx.lifecycle:lifecycle-process:2.4.0] AndroidManifest.xml:31:13-33:52
64                android:name="androidx.lifecycle.ProcessLifecycleInitializer"
64-->[androidx.lifecycle:lifecycle-process:2.4.0] AndroidManifest.xml:32:17-78
65                android:value="androidx.startup" />
65-->[androidx.lifecycle:lifecycle-process:2.4.0] AndroidManifest.xml:33:17-49
66        </provider>
67    </application>
68
69</manifest>